<?xml version="1.0" encoding="UTF-8"?>
<Site BuildName="Win32-ninja"
	BuildStamp="20240419-0747-Experimental"
	Name="LAPTOP-6CP99QI4"
	Generator="ctest-3.28.1"
	CompilerName="C:/msys64/ucrt64/bin/g++.exe"
	CompilerVersion=""
	OSName="Windows"
	Hostname="LAPTOP-6CP99QI4"
	OSRelease=" Personal"
	OSVersion=" (Build 22631)"
	OSPlatform="AMD64"
	Is64Bits="1"
	VendorString=""
	VendorID="Unknown Manufacturer"
	FamilyID="0"
	ModelID="0"
	ProcessorCacheSize="0"
	NumberOfLogicalCPU="8"
	NumberOfPhysicalCPU="4"
	TotalVirtualMemory="16226"
	TotalPhysicalMemory="8034"
	LogicalProcessorsPerPhysical="2"
	ProcessorClockFrequency="2304"
	>
	<Testing>
		<StartDateTime>Apr 19 19:00 Paris, Madrid (heure d’été)</StartDateTime>
		<StartTestTime>1713546021</StartTestTime>
		<TestList/>
		<EndDateTime>Apr 19 19:00 Paris, Madrid (heure d’été)</EndDateTime>
		<EndTestTime>1713546021</EndTestTime>
		<ElapsedMinutes>0</ElapsedMinutes>
	</Testing>
</Site>
